[07-Feb-2022 16:40:44 UTC] PHP Warning:  session_start(): Cannot start session when headers already sent in /var/www/propertymates.io/wp-content/themes/co-owner/functions.php on line 440
[07-Feb-2022 16:41:01 UTC] PHP Warning:  session_start(): Cannot start session when headers already sent in /var/www/propertymates.io/wp-content/themes/co-owner/functions.php on line 440
[07-Feb-2022 16:41:35 UTC] PHP Warning:  session_start(): Cannot start session when headers already sent in /var/www/propertymates.io/wp-content/themes/co-owner/functions.php on line 440
[07-Feb-2022 16:42:01 UTC] PHP Warning:  session_start(): Cannot start session when headers already sent in /var/www/propertymates.io/wp-content/themes/co-owner/functions.php on line 440
[07-Feb-2022 16:42:35 UTC] PHP Warning:  session_start(): Cannot start session when headers already sent in /var/www/propertymates.io/wp-content/themes/co-owner/functions.php on line 440
[07-Feb-2022 16:42:55 UTC] PHP Warning:  session_start(): Cannot start session when headers already sent in /var/www/propertymates.io/wp-content/themes/co-owner/functions.php on line 440
[07-Feb-2022 16:43:01 UTC] PHP Warning:  session_start(): Cannot start session when headers already sent in /var/www/propertymates.io/wp-content/themes/co-owner/functions.php on line 440
[07-Feb-2022 16:43:35 UTC] PHP Warning:  session_start(): Cannot start session when headers already sent in /var/www/propertymates.io/wp-content/themes/co-owner/functions.php on line 440
[07-Feb-2022 16:44:01 UTC] PHP Warning:  session_start(): Cannot start session when headers already sent in /var/www/propertymates.io/wp-content/themes/co-owner/functions.php on line 440
[07-Feb-2022 16:44:35 UTC] PHP Warning:  session_start(): Cannot start session when headers already sent in /var/www/propertymates.io/wp-content/themes/co-owner/functions.php on line 440
[07-Feb-2022 16:45:01 UTC] PHP Warning:  session_start(): Cannot start session when headers already sent in /var/www/propertymates.io/wp-content/themes/co-owner/functions.php on line 440
[07-Feb-2022 16:45:34 UTC] PHP Warning:  session_start(): Cannot start session when headers already sent in /var/www/propertymates.io/wp-content/themes/co-owner/functions.php on line 440
[07-Feb-2022 16:46:01 UTC] PHP Warning:  session_start(): Cannot start session when headers already sent in /var/www/propertymates.io/wp-content/themes/co-owner/functions.php on line 440
[07-Feb-2022 16:46:34 UTC] PHP Warning:  session_start(): Cannot start session when headers already sent in /var/www/propertymates.io/wp-content/themes/co-owner/functions.php on line 440
[07-Feb-2022 16:47:01 UTC] PHP Warning:  session_start(): Cannot start session when headers already sent in /var/www/propertymates.io/wp-content/themes/co-owner/functions.php on line 440
[07-Feb-2022 16:47:35 UTC] PHP Warning:  session_start(): Cannot start session when headers already sent in /var/www/propertymates.io/wp-content/themes/co-owner/functions.php on line 440
[07-Feb-2022 16:48:01 UTC] PHP Warning:  session_start(): Cannot start session when headers already sent in /var/www/propertymates.io/wp-content/themes/co-owner/functions.php on line 440
[07-Feb-2022 16:48:34 UTC] PHP Warning:  session_start(): Cannot start session when headers already sent in /var/www/propertymates.io/wp-content/themes/co-owner/functions.php on line 440
[07-Feb-2022 16:49:01 UTC] PHP Warning:  session_start(): Cannot start session when headers already sent in /var/www/propertymates.io/wp-content/themes/co-owner/functions.php on line 440
[07-Feb-2022 16:49:34 UTC] PHP Warning:  session_start(): Cannot start session when headers already sent in /var/www/propertymates.io/wp-content/themes/co-owner/functions.php on line 440
[07-Feb-2022 16:50:01 UTC] PHP Warning:  session_start(): Cannot start session when headers already sent in /var/www/propertymates.io/wp-content/themes/co-owner/functions.php on line 440
[07-Feb-2022 16:50:35 UTC] PHP Warning:  session_start(): Cannot start session when headers already sent in /var/www/propertymates.io/wp-content/themes/co-owner/functions.php on line 440
[07-Feb-2022 16:51:01 UTC] PHP Warning:  session_start(): Cannot start session when headers already sent in /var/www/propertymates.io/wp-content/themes/co-owner/functions.php on line 440
[07-Feb-2022 16:51:43 UTC] PHP Warning:  session_start(): Cannot start session when headers already sent in /var/www/propertymates.io/wp-content/themes/co-owner/functions.php on line 440
[07-Feb-2022 16:52:01 UTC] PHP Warning:  session_start(): Cannot start session when headers already sent in /var/www/propertymates.io/wp-content/themes/co-owner/functions.php on line 440
[07-Feb-2022 16:52:36 UTC] PHP Warning:  session_start(): Cannot start session when headers already sent in /var/www/propertymates.io/wp-content/themes/co-owner/functions.php on line 440
[07-Feb-2022 16:52:55 UTC] PHP Warning:  session_start(): Cannot start session when headers already sent in /var/www/propertymates.io/wp-content/themes/co-owner/functions.php on line 440
[07-Feb-2022 16:53:01 UTC] PHP Warning:  session_start(): Cannot start session when headers already sent in /var/www/propertymates.io/wp-content/themes/co-owner/functions.php on line 440
[07-Feb-2022 16:53:36 UTC] PHP Warning:  session_start(): Cannot start session when headers already sent in /var/www/propertymates.io/wp-content/themes/co-owner/functions.php on line 440
[07-Feb-2022 16:54:01 UTC] PHP Warning:  session_start(): Cannot start session when headers already sent in /var/www/propertymates.io/wp-content/themes/co-owner/functions.php on line 440
[07-Feb-2022 16:54:36 UTC] PHP Warning:  session_start(): Cannot start session when headers already sent in /var/www/propertymates.io/wp-content/themes/co-owner/functions.php on line 440
[07-Feb-2022 16:54:43 UTC] PHP Parse error:  syntax error, unexpected end of file in /var/www/propertymates.io/wp-content/themes/co-owner/external/helpers/ajax.php on line 471
[07-Feb-2022 16:54:44 UTC] PHP Parse error:  syntax error, unexpected end of file in /var/www/propertymates.io/wp-content/themes/co-owner/external/helpers/ajax.php on line 1214
[07-Feb-2022 16:55:01 UTC] PHP Warning:  session_start(): Cannot start session when headers already sent in /var/www/propertymates.io/wp-content/themes/co-owner/functions.php on line 440
[07-Feb-2022 16:55:35 UTC] PHP Warning:  session_start(): Cannot start session when headers already sent in /var/www/propertymates.io/wp-content/themes/co-owner/functions.php on line 440
[07-Feb-2022 16:56:01 UTC] PHP Warning:  session_start(): Cannot start session when headers already sent in /var/www/propertymates.io/wp-content/themes/co-owner/functions.php on line 440
[07-Feb-2022 16:56:37 UTC] PHP Warning:  session_start(): Cannot start session when headers already sent in /var/www/propertymates.io/wp-content/themes/co-owner/functions.php on line 440
[07-Feb-2022 16:57:01 UTC] PHP Warning:  session_start(): Cannot start session when headers already sent in /var/www/propertymates.io/wp-content/themes/co-owner/functions.php on line 440
[07-Feb-2022 16:57:02 UTC] PHP Parse error:  syntax error, unexpected end of file, expecting ')' in /var/www/propertymates.io/wp-content/themes/co-owner/external/helpers/ajax.php on line 2803
[07-Feb-2022 16:57:35 UTC] PHP Warning:  session_start(): Cannot start session when headers already sent in /var/www/propertymates.io/wp-content/themes/co-owner/functions.php on line 440
[07-Feb-2022 16:58:01 UTC] PHP Warning:  session_start(): Cannot start session when headers already sent in /var/www/propertymates.io/wp-content/themes/co-owner/functions.php on line 440
[07-Feb-2022 16:58:31 UTC] PHP Parse error:  syntax error, unexpected end of file in /var/www/propertymates.io/wp-content/themes/co-owner/external/helpers/ajax.php on line 471
[07-Feb-2022 16:58:31 UTC] PHP Notice:  Trying to access array offset on value of type bool in /var/www/propertymates.io/wp-includes/class-wp-recovery-mode-email-service.php on line 351
[07-Feb-2022 16:58:31 UTC] PHP Notice:  Trying to access array offset on value of type bool in /var/www/propertymates.io/wp-includes/class-wp-recovery-mode-email-service.php on line 352
[07-Feb-2022 16:58:31 UTC] PHP Parse error:  syntax error, unexpected end of file in /var/www/propertymates.io/wp-content/themes/co-owner/external/helpers/ajax.php on line 1214
[07-Feb-2022 16:58:37 UTC] PHP Warning:  session_start(): Cannot start session when headers already sent in /var/www/propertymates.io/wp-content/themes/co-owner/functions.php on line 440
[07-Feb-2022 16:59:01 UTC] PHP Warning:  session_start(): Cannot start session when headers already sent in /var/www/propertymates.io/wp-content/themes/co-owner/functions.php on line 440
[07-Feb-2022 16:59:34 UTC] PHP Warning:  session_start(): Cannot start session when headers already sent in /var/www/propertymates.io/wp-content/themes/co-owner/functions.php on line 440
[07-Feb-2022 17:00:01 UTC] PHP Warning:  session_start(): Cannot start session when headers already sent in /var/www/propertymates.io/wp-content/themes/co-owner/functions.php on line 440
[07-Feb-2022 17:00:34 UTC] PHP Warning:  session_start(): Cannot start session when headers already sent in /var/www/propertymates.io/wp-content/themes/co-owner/functions.php on line 440
[07-Feb-2022 17:01:01 UTC] PHP Warning:  session_start(): Cannot start session when headers already sent in /var/www/propertymates.io/wp-content/themes/co-owner/functions.php on line 440
[07-Feb-2022 17:01:38 UTC] PHP Warning:  session_start(): Cannot start session when headers already sent in /var/www/propertymates.io/wp-content/themes/co-owner/functions.php on line 440
[07-Feb-2022 17:02:01 UTC] PHP Warning:  session_start(): Cannot start session when headers already sent in /var/www/propertymates.io/wp-content/themes/co-owner/functions.php on line 440
[07-Feb-2022 17:02:36 UTC] PHP Warning:  session_start(): Cannot start session when headers already sent in /var/www/propertymates.io/wp-content/themes/co-owner/functions.php on line 440
[07-Feb-2022 17:02:55 UTC] PHP Warning:  session_start(): Cannot start session when headers already sent in /var/www/propertymates.io/wp-content/themes/co-owner/functions.php on line 440
[07-Feb-2022 17:03:01 UTC] PHP Warning:  session_start(): Cannot start session when headers already sent in /var/www/propertymates.io/wp-content/themes/co-owner/functions.php on line 440
[07-Feb-2022 17:03:36 UTC] PHP Warning:  session_start(): Cannot start session when headers already sent in /var/www/propertymates.io/wp-content/themes/co-owner/functions.php on line 440
[07-Feb-2022 17:04:01 UTC] PHP Warning:  session_start(): Cannot start session when headers already sent in /var/www/propertymates.io/wp-content/themes/co-owner/functions.php on line 440
[07-Feb-2022 17:04:36 UTC] PHP Warning:  session_start(): Cannot start session when headers already sent in /var/www/propertymates.io/wp-content/themes/co-owner/functions.php on line 440
[07-Feb-2022 17:05:01 UTC] PHP Warning:  session_start(): Cannot start session when headers already sent in /var/www/propertymates.io/wp-content/themes/co-owner/functions.php on line 440
[07-Feb-2022 17:05:36 UTC] PHP Warning:  session_start(): Cannot start session when headers already sent in /var/www/propertymates.io/wp-content/themes/co-owner/functions.php on line 440
[07-Feb-2022 17:06:01 UTC] PHP Warning:  session_start(): Cannot start session when headers already sent in /var/www/propertymates.io/wp-content/themes/co-owner/functions.php on line 440
[07-Feb-2022 17:06:36 UTC] PHP Warning:  session_start(): Cannot start session when headers already sent in /var/www/propertymates.io/wp-content/themes/co-owner/functions.php on line 440
[07-Feb-2022 17:07:01 UTC] PHP Warning:  session_start(): Cannot start session when headers already sent in /var/www/propertymates.io/wp-content/themes/co-owner/functions.php on line 440
[07-Feb-2022 17:07:36 UTC] PHP Warning:  session_start(): Cannot start session when headers already sent in /var/www/propertymates.io/wp-content/themes/co-owner/functions.php on line 440
[07-Feb-2022 17:08:01 UTC] PHP Warning:  session_start(): Cannot start session when headers already sent in /var/www/propertymates.io/wp-content/themes/co-owner/functions.php on line 440
[07-Feb-2022 17:08:36 UTC] PHP Warning:  session_start(): Cannot start session when headers already sent in /var/www/propertymates.io/wp-content/themes/co-owner/functions.php on line 440
[07-Feb-2022 17:09:01 UTC] PHP Warning:  session_start(): Cannot start session when headers already sent in /var/www/propertymates.io/wp-content/themes/co-owner/functions.php on line 440
[07-Feb-2022 17:09:36 UTC] PHP Warning:  session_start(): Cannot start session when headers already sent in /var/www/propertymates.io/wp-content/themes/co-owner/functions.php on line 440
[07-Feb-2022 17:10:01 UTC] PHP Warning:  session_start(): Cannot start session when headers already sent in /var/www/propertymates.io/wp-content/themes/co-owner/functions.php on line 440
[07-Feb-2022 17:10:06 UTC] PHP Warning:  session_start(): Cannot start session when headers already sent in /var/www/propertymates.io/wp-content/themes/co-owner/functions.php on line 440
[07-Feb-2022 17:10:36 UTC] PHP Warning:  session_start(): Cannot start session when headers already sent in /var/www/propertymates.io/wp-content/themes/co-owner/functions.php on line 440
[07-Feb-2022 17:11:01 UTC] PHP Warning:  session_start(): Cannot start session when headers already sent in /var/www/propertymates.io/wp-content/themes/co-owner/functions.php on line 440
[07-Feb-2022 17:11:36 UTC] PHP Warning:  session_start(): Cannot start session when headers already sent in /var/www/propertymates.io/wp-content/themes/co-owner/functions.php on line 440
[07-Feb-2022 17:12:01 UTC] PHP Warning:  session_start(): Cannot start session when headers already sent in /var/www/propertymates.io/wp-content/themes/co-owner/functions.php on line 440
[07-Feb-2022 17:12:36 UTC] PHP Warning:  session_start(): Cannot start session when headers already sent in /var/www/propertymates.io/wp-content/themes/co-owner/functions.php on line 440
[07-Feb-2022 17:12:55 UTC] PHP Warning:  session_start(): Cannot start session when headers already sent in /var/www/propertymates.io/wp-content/themes/co-owner/functions.php on line 440
[07-Feb-2022 17:13:01 UTC] PHP Warning:  session_start(): Cannot start session when headers already sent in /var/www/propertymates.io/wp-content/themes/co-owner/functions.php on line 440
[07-Feb-2022 17:13:36 UTC] PHP Warning:  session_start(): Cannot start session when headers already sent in /var/www/propertymates.io/wp-content/themes/co-owner/functions.php on line 440
[07-Feb-2022 17:14:02 UTC] PHP Warning:  session_start(): Cannot start session when headers already sent in /var/www/propertymates.io/wp-content/themes/co-owner/functions.php on line 440
[07-Feb-2022 17:14:36 UTC] PHP Warning:  session_start(): Cannot start session when headers already sent in /var/www/propertymates.io/wp-content/themes/co-owner/functions.php on line 440
[07-Feb-2022 17:15:02 UTC] PHP Warning:  session_start(): Cannot start session when headers already sent in /var/www/propertymates.io/wp-content/themes/co-owner/functions.php on line 440
[07-Feb-2022 17:15:36 UTC] PHP Warning:  session_start(): Cannot start session when headers already sent in /var/www/propertymates.io/wp-content/themes/co-owner/functions.php on line 440
[07-Feb-2022 17:16:02 UTC] PHP Warning:  session_start(): Cannot start session when headers already sent in /var/www/propertymates.io/wp-content/themes/co-owner/functions.php on line 440
[07-Feb-2022 17:16:36 UTC] PHP Warning:  session_start(): Cannot start session when headers already sent in /var/www/propertymates.io/wp-content/themes/co-owner/functions.php on line 440
[07-Feb-2022 17:17:02 UTC] PHP Warning:  session_start(): Cannot start session when headers already sent in /var/www/propertymates.io/wp-content/themes/co-owner/functions.php on line 440
[07-Feb-2022 17:17:36 UTC] PHP Warning:  session_start(): Cannot start session when headers already sent in /var/www/propertymates.io/wp-content/themes/co-owner/functions.php on line 440
[07-Feb-2022 17:18:02 UTC] PHP Warning:  session_start(): Cannot start session when headers already sent in /var/www/propertymates.io/wp-content/themes/co-owner/functions.php on line 440
[07-Feb-2022 17:18:36 UTC] PHP Warning:  session_start(): Cannot start session when headers already sent in /var/www/propertymates.io/wp-content/themes/co-owner/functions.php on line 440
[07-Feb-2022 17:19:02 UTC] PHP Warning:  session_start(): Cannot start session when headers already sent in /var/www/propertymates.io/wp-content/themes/co-owner/functions.php on line 440
[07-Feb-2022 17:19:36 UTC] PHP Warning:  session_start(): Cannot start session when headers already sent in /var/www/propertymates.io/wp-content/themes/co-owner/functions.php on line 440
[07-Feb-2022 17:20:02 UTC] PHP Warning:  session_start(): Cannot start session when headers already sent in /var/www/propertymates.io/wp-content/themes/co-owner/functions.php on line 440
[07-Feb-2022 17:20:36 UTC] PHP Warning:  session_start(): Cannot start session when headers already sent in /var/www/propertymates.io/wp-content/themes/co-owner/functions.php on line 440
[07-Feb-2022 17:21:01 UTC] PHP Warning:  session_start(): Cannot start session when headers already sent in /var/www/propertymates.io/wp-content/themes/co-owner/functions.php on line 440
[07-Feb-2022 17:21:16 UTC] PHP Warning:  session_start(): Cannot start session when headers already sent in /var/www/propertymates.io/wp-content/themes/co-owner/functions.php on line 440
[07-Feb-2022 17:21:26 UTC] PHP Warning:  session_start(): Cannot start session when headers already sent in /var/www/propertymates.io/wp-content/themes/co-owner/functions.php on line 440
[07-Feb-2022 17:21:36 UTC] PHP Warning:  session_start(): Cannot start session when headers already sent in /var/www/propertymates.io/wp-content/themes/co-owner/functions.php on line 440
[07-Feb-2022 17:22:01 UTC] PHP Warning:  session_start(): Cannot start session when headers already sent in /var/www/propertymates.io/wp-content/themes/co-owner/functions.php on line 440
[07-Feb-2022 17:22:36 UTC] PHP Warning:  session_start(): Cannot start session when headers already sent in /var/www/propertymates.io/wp-content/themes/co-owner/functions.php on line 440
[07-Feb-2022 17:22:55 UTC] PHP Warning:  session_start(): Cannot start session when headers already sent in /var/www/propertymates.io/wp-content/themes/co-owner/functions.php on line 440
[07-Feb-2022 17:23:01 UTC] PHP Warning:  session_start(): Cannot start session when headers already sent in /var/www/propertymates.io/wp-content/themes/co-owner/functions.php on line 440
[07-Feb-2022 17:23:36 UTC] PHP Warning:  session_start(): Cannot start session when headers already sent in /var/www/propertymates.io/wp-content/themes/co-owner/functions.php on line 440
[07-Feb-2022 17:24:01 UTC] PHP Warning:  session_start(): Cannot start session when headers already sent in /var/www/propertymates.io/wp-content/themes/co-owner/functions.php on line 440
[07-Feb-2022 17:24:36 UTC] PHP Warning:  session_start(): Cannot start session when headers already sent in /var/www/propertymates.io/wp-content/themes/co-owner/functions.php on line 440
[07-Feb-2022 17:25:01 UTC] PHP Warning:  session_start(): Cannot start session when headers already sent in /var/www/propertymates.io/wp-content/themes/co-owner/functions.php on line 440
[07-Feb-2022 17:25:36 UTC] PHP Warning:  session_start(): Cannot start session when headers already sent in /var/www/propertymates.io/wp-content/themes/co-owner/functions.php on line 440
[07-Feb-2022 17:26:01 UTC] PHP Warning:  session_start(): Cannot start session when headers already sent in /var/www/propertymates.io/wp-content/themes/co-owner/functions.php on line 440
[07-Feb-2022 17:26:36 UTC] PHP Warning:  session_start(): Cannot start session when headers already sent in /var/www/propertymates.io/wp-content/themes/co-owner/functions.php on line 440
[07-Feb-2022 17:27:01 UTC] PHP Warning:  session_start(): Cannot start session when headers already sent in /var/www/propertymates.io/wp-content/themes/co-owner/functions.php on line 440
[07-Feb-2022 17:27:36 UTC] PHP Warning:  session_start(): Cannot start session when headers already sent in /var/www/propertymates.io/wp-content/themes/co-owner/functions.php on line 440
[07-Feb-2022 17:28:01 UTC] PHP Warning:  session_start(): Cannot start session when headers already sent in /var/www/propertymates.io/wp-content/themes/co-owner/functions.php on line 440
[07-Feb-2022 17:28:36 UTC] PHP Warning:  session_start(): Cannot start session when headers already sent in /var/www/propertymates.io/wp-content/themes/co-owner/functions.php on line 440
[07-Feb-2022 17:29:01 UTC] PHP Warning:  session_start(): Cannot start session when headers already sent in /var/www/propertymates.io/wp-content/themes/co-owner/functions.php on line 440
[07-Feb-2022 17:29:36 UTC] PHP Warning:  session_start(): Cannot start session when headers already sent in /var/www/propertymates.io/wp-content/themes/co-owner/functions.php on line 440
[07-Feb-2022 17:30:01 UTC] PHP Warning:  session_start(): Cannot start session when headers already sent in /var/www/propertymates.io/wp-content/themes/co-owner/functions.php on line 440
[07-Feb-2022 17:30:11 UTC] PHP Warning:  session_start(): Cannot start session when headers already sent in /var/www/propertymates.io/wp-content/themes/co-owner/functions.php on line 440
[07-Feb-2022 17:30:36 UTC] PHP Warning:  session_start(): Cannot start session when headers already sent in /var/www/propertymates.io/wp-content/themes/co-owner/functions.php on line 440
[07-Feb-2022 17:31:01 UTC] PHP Warning:  session_start(): Cannot start session when headers already sent in /var/www/propertymates.io/wp-content/themes/co-owner/functions.php on line 440
[07-Feb-2022 17:31:36 UTC] PHP Warning:  session_start(): Cannot start session when headers already sent in /var/www/propertymates.io/wp-content/themes/co-owner/functions.php on line 440
[07-Feb-2022 17:32:01 UTC] PHP Warning:  session_start(): Cannot start session when headers already sent in /var/www/propertymates.io/wp-content/themes/co-owner/functions.php on line 440
[07-Feb-2022 17:32:44 UTC] PHP Warning:  session_start(): Cannot start session when headers already sent in /var/www/propertymates.io/wp-content/themes/co-owner/functions.php on line 440
[07-Feb-2022 17:32:55 UTC] PHP Warning:  session_start(): Cannot start session when headers already sent in /var/www/propertymates.io/wp-content/themes/co-owner/functions.php on line 440
[07-Feb-2022 17:33:01 UTC] PHP Warning:  session_start(): Cannot start session when headers already sent in /var/www/propertymates.io/wp-content/themes/co-owner/functions.php on line 440
[07-Feb-2022 17:33:37 UTC] PHP Warning:  session_start(): Cannot start session when headers already sent in /var/www/propertymates.io/wp-content/themes/co-owner/functions.php on line 440
[07-Feb-2022 17:34:01 UTC] PHP Warning:  session_start(): Cannot start session when headers already sent in /var/www/propertymates.io/wp-content/themes/co-owner/functions.php on line 440
[07-Feb-2022 17:34:36 UTC] PHP Warning:  session_start(): Cannot start session when headers already sent in /var/www/propertymates.io/wp-content/themes/co-owner/functions.php on line 440
[07-Feb-2022 17:35:01 UTC] PHP Warning:  session_start(): Cannot start session when headers already sent in /var/www/propertymates.io/wp-content/themes/co-owner/functions.php on line 440
[07-Feb-2022 17:35:34 UTC] PHP Warning:  session_start(): Cannot start session when headers already sent in /var/www/propertymates.io/wp-content/themes/co-owner/functions.php on line 440
[07-Feb-2022 17:36:01 UTC] PHP Warning:  session_start(): Cannot start session when headers already sent in /var/www/propertymates.io/wp-content/themes/co-owner/functions.php on line 440
[07-Feb-2022 17:36:44 UTC] PHP Warning:  session_start(): Cannot start session when headers already sent in /var/www/propertymates.io/wp-content/themes/co-owner/functions.php on line 440
[07-Feb-2022 17:37:01 UTC] PHP Warning:  session_start(): Cannot start session when headers already sent in /var/www/propertymates.io/wp-content/themes/co-owner/functions.php on line 440
[07-Feb-2022 17:37:44 UTC] PHP Warning:  session_start(): Cannot start session when headers already sent in /var/www/propertymates.io/wp-content/themes/co-owner/functions.php on line 440
[07-Feb-2022 17:38:01 UTC] PHP Warning:  session_start(): Cannot start session when headers already sent in /var/www/propertymates.io/wp-content/themes/co-owner/functions.php on line 440
[07-Feb-2022 17:38:44 UTC] PHP Warning:  session_start(): Cannot start session when headers already sent in /var/www/propertymates.io/wp-content/themes/co-owner/functions.php on line 440
[07-Feb-2022 17:39:01 UTC] PHP Warning:  session_start(): Cannot start session when headers already sent in /var/www/propertymates.io/wp-content/themes/co-owner/functions.php on line 440
[07-Feb-2022 17:39:38 UTC] PHP Warning:  session_start(): Cannot start session when headers already sent in /var/www/propertymates.io/wp-content/themes/co-owner/functions.php on line 440
[07-Feb-2022 17:40:01 UTC] PHP Warning:  session_start(): Cannot start session when headers already sent in /var/www/propertymates.io/wp-content/themes/co-owner/functions.php on line 440
[07-Feb-2022 17:40:37 UTC] PHP Warning:  session_start(): Cannot start session when headers already sent in /var/www/propertymates.io/wp-content/themes/co-owner/functions.php on line 440
[07-Feb-2022 17:41:01 UTC] PHP Warning:  session_start(): Cannot start session when headers already sent in /var/www/propertymates.io/wp-content/themes/co-owner/functions.php on line 440
[07-Feb-2022 17:41:37 UTC] PHP Warning:  session_start(): Cannot start session when headers already sent in /var/www/propertymates.io/wp-content/themes/co-owner/functions.php on line 440
[07-Feb-2022 17:42:01 UTC] PHP Warning:  session_start(): Cannot start session when headers already sent in /var/www/propertymates.io/wp-content/themes/co-owner/functions.php on line 440
[07-Feb-2022 17:42:37 UTC] PHP Warning:  session_start(): Cannot start session when headers already sent in /var/www/propertymates.io/wp-content/themes/co-owner/functions.php on line 440
[07-Feb-2022 17:42:55 UTC] PHP Warning:  session_start(): Cannot start session when headers already sent in /var/www/propertymates.io/wp-content/themes/co-owner/functions.php on line 440
[07-Feb-2022 17:43:01 UTC] PHP Warning:  session_start(): Cannot start session when headers already sent in /var/www/propertymates.io/wp-content/themes/co-owner/functions.php on line 440
[07-Feb-2022 17:43:37 UTC] PHP Warning:  session_start(): Cannot start session when headers already sent in /var/www/propertymates.io/wp-content/themes/co-owner/functions.php on line 440
[07-Feb-2022 17:44:01 UTC] PHP Warning:  session_start(): Cannot start session when headers already sent in /var/www/propertymates.io/wp-content/themes/co-owner/functions.php on line 440
[07-Feb-2022 17:44:35 UTC] PHP Warning:  session_start(): Cannot start session when headers already sent in /var/www/propertymates.io/wp-content/themes/co-owner/functions.php on line 440
[07-Feb-2022 17:45:01 UTC] PHP Warning:  session_start(): Cannot start session when headers already sent in /var/www/propertymates.io/wp-content/themes/co-owner/functions.php on line 440
[07-Feb-2022 17:45:30 UTC] PHP Warning:  hash_equals(): Expected known_string to be a string, bool given in /var/www/propertymates.io/wp-includes/pluggable.php on line 2447
[07-Feb-2022 17:45:30 UTC] PHP Warning:  hash_equals(): Expected known_string to be a string, bool given in /var/www/propertymates.io/wp-includes/pluggable.php on line 2447
[07-Feb-2022 17:45:31 UTC] PHP Warning:  hash_equals(): Expected known_string to be a string, bool given in /var/www/propertymates.io/wp-includes/pluggable.php on line 2447
[07-Feb-2022 17:45:31 UTC] PHP Warning:  hash_equals(): Expected known_string to be a string, bool given in /var/www/propertymates.io/wp-includes/pluggable.php on line 2447
[07-Feb-2022 17:45:32 UTC] PHP Warning:  hash_equals(): Expected known_string to be a string, bool given in /var/www/propertymates.io/wp-includes/pluggable.php on line 2447
[07-Feb-2022 17:45:32 UTC] PHP Warning:  hash_equals(): Expected known_string to be a string, bool given in /var/www/propertymates.io/wp-includes/pluggable.php on line 2447
[07-Feb-2022 17:45:32 UTC] PHP Warning:  hash_equals(): Expected known_string to be a string, bool given in /var/www/propertymates.io/wp-includes/pluggable.php on line 2447
[07-Feb-2022 17:45:33 UTC] PHP Warning:  hash_equals(): Expected known_string to be a string, bool given in /var/www/propertymates.io/wp-includes/pluggable.php on line 2447
[07-Feb-2022 17:45:36 UTC] PHP Warning:  session_start(): Cannot start session when headers already sent in /var/www/propertymates.io/wp-content/themes/co-owner/functions.php on line 440
[07-Feb-2022 17:46:01 UTC] PHP Warning:  session_start(): Cannot start session when headers already sent in /var/www/propertymates.io/wp-content/themes/co-owner/functions.php on line 440
[07-Feb-2022 17:46:36 UTC] PHP Warning:  session_start(): Cannot start session when headers already sent in /var/www/propertymates.io/wp-content/themes/co-owner/functions.php on line 440
[07-Feb-2022 17:47:01 UTC] PHP Warning:  session_start(): Cannot start session when headers already sent in /var/www/propertymates.io/wp-content/themes/co-owner/functions.php on line 440
[07-Feb-2022 17:47:34 UTC] PHP Warning:  session_start(): Cannot start session when headers already sent in /var/www/propertymates.io/wp-content/themes/co-owner/functions.php on line 440
[07-Feb-2022 17:48:01 UTC] PHP Warning:  session_start(): Cannot start session when headers already sent in /var/www/propertymates.io/wp-content/themes/co-owner/functions.php on line 440
[07-Feb-2022 17:48:34 UTC] PHP Warning:  session_start(): Cannot start session when headers already sent in /var/www/propertymates.io/wp-content/themes/co-owner/functions.php on line 440
[07-Feb-2022 17:49:01 UTC] PHP Warning:  session_start(): Cannot start session when headers already sent in /var/www/propertymates.io/wp-content/themes/co-owner/functions.php on line 440
[07-Feb-2022 17:49:37 UTC] PHP Warning:  session_start(): Cannot start session when headers already sent in /var/www/propertymates.io/wp-content/themes/co-owner/functions.php on line 440
[07-Feb-2022 17:50:01 UTC] PHP Warning:  session_start(): Cannot start session when headers already sent in /var/www/propertymates.io/wp-content/themes/co-owner/functions.php on line 440
[07-Feb-2022 17:50:37 UTC] PHP Warning:  session_start(): Cannot start session when headers already sent in /var/www/propertymates.io/wp-content/themes/co-owner/functions.php on line 440
[07-Feb-2022 17:51:01 UTC] PHP Warning:  session_start(): Cannot start session when headers already sent in /var/www/propertymates.io/wp-content/themes/co-owner/functions.php on line 440
[07-Feb-2022 17:51:37 UTC] PHP Warning:  session_start(): Cannot start session when headers already sent in /var/www/propertymates.io/wp-content/themes/co-owner/functions.php on line 440
[07-Feb-2022 17:52:01 UTC] PHP Warning:  session_start(): Cannot start session when headers already sent in /var/www/propertymates.io/wp-content/themes/co-owner/functions.php on line 440
[07-Feb-2022 17:52:37 UTC] PHP Warning:  session_start(): Cannot start session when headers already sent in /var/www/propertymates.io/wp-content/themes/co-owner/functions.php on line 440
[07-Feb-2022 17:52:57 UTC] PHP Warning:  session_start(): Cannot start session when headers already sent in /var/www/propertymates.io/wp-content/themes/co-owner/functions.php on line 440
[07-Feb-2022 17:53:01 UTC] PHP Warning:  session_start(): Cannot start session when headers already sent in /var/www/propertymates.io/wp-content/themes/co-owner/functions.php on line 440
[07-Feb-2022 17:53:37 UTC] PHP Warning:  session_start(): Cannot start session when headers already sent in /var/www/propertymates.io/wp-content/themes/co-owner/functions.php on line 440
[07-Feb-2022 17:54:01 UTC] PHP Warning:  session_start(): Cannot start session when headers already sent in /var/www/propertymates.io/wp-content/themes/co-owner/functions.php on line 440
[07-Feb-2022 17:54:44 UTC] PHP Warning:  session_start(): Cannot start session when headers already sent in /var/www/propertymates.io/wp-content/themes/co-owner/functions.php on line 440
[07-Feb-2022 17:55:01 UTC] PHP Warning:  session_start(): Cannot start session when headers already sent in /var/www/propertymates.io/wp-content/themes/co-owner/functions.php on line 440
[07-Feb-2022 17:55:44 UTC] PHP Warning:  session_start(): Cannot start session when headers already sent in /var/www/propertymates.io/wp-content/themes/co-owner/functions.php on line 440
[07-Feb-2022 17:56:01 UTC] PHP Warning:  session_start(): Cannot start session when headers already sent in /var/www/propertymates.io/wp-content/themes/co-owner/functions.php on line 440
[07-Feb-2022 17:56:40 UTC] PHP Warning:  session_start(): Cannot start session when headers already sent in /var/www/propertymates.io/wp-content/themes/co-owner/functions.php on line 440
[07-Feb-2022 17:57:01 UTC] PHP Warning:  session_start(): Cannot start session when headers already sent in /var/www/propertymates.io/wp-content/themes/co-owner/functions.php on line 440
[07-Feb-2022 17:57:37 UTC] PHP Warning:  session_start(): Cannot start session when headers already sent in /var/www/propertymates.io/wp-content/themes/co-owner/functions.php on line 440
[07-Feb-2022 17:58:01 UTC] PHP Warning:  session_start(): Cannot start session when headers already sent in /var/www/propertymates.io/wp-content/themes/co-owner/functions.php on line 440
[07-Feb-2022 17:58:34 UTC] PHP Warning:  session_start(): Cannot start session when headers already sent in /var/www/propertymates.io/wp-content/themes/co-owner/functions.php on line 440
[07-Feb-2022 17:59:01 UTC] PHP Warning:  session_start(): Cannot start session when headers already sent in /var/www/propertymates.io/wp-content/themes/co-owner/functions.php on line 440
[07-Feb-2022 17:59:35 UTC] PHP Warning:  session_start(): Cannot start session when headers already sent in /var/www/propertymates.io/wp-content/themes/co-owner/functions.php on line 440
[07-Feb-2022 18:00:01 UTC] PHP Warning:  session_start(): Cannot start session when headers already sent in /var/www/propertymates.io/wp-content/themes/co-owner/functions.php on line 440
[07-Feb-2022 18:00:34 UTC] PHP Warning:  session_start(): Cannot start session when headers already sent in /var/www/propertymates.io/wp-content/themes/co-owner/functions.php on line 440
[07-Feb-2022 18:01:01 UTC] PHP Warning:  session_start(): Cannot start session when headers already sent in /var/www/propertymates.io/wp-content/themes/co-owner/functions.php on line 440
[07-Feb-2022 18:01:49 UTC] PHP Warning:  session_start(): Cannot start session when headers already sent in /var/www/propertymates.io/wp-content/themes/co-owner/functions.php on line 440
[07-Feb-2022 18:02:01 UTC] PHP Warning:  session_start(): Cannot start session when headers already sent in /var/www/propertymates.io/wp-content/themes/co-owner/functions.php on line 440
[07-Feb-2022 18:02:41 UTC] PHP Warning:  session_start(): Cannot start session when headers already sent in /var/www/propertymates.io/wp-content/themes/co-owner/functions.php on line 440
[07-Feb-2022 18:03:01 UTC] PHP Warning:  session_start(): Cannot start session when headers already sent in /var/www/propertymates.io/wp-content/themes/co-owner/functions.php on line 440
[07-Feb-2022 18:03:09 UTC] PHP Warning:  session_start(): Cannot start session when headers already sent in /var/www/propertymates.io/wp-content/themes/co-owner/functions.php on line 440
[07-Feb-2022 18:03:39 UTC] PHP Warning:  session_start(): Cannot start session when headers already sent in /var/www/propertymates.io/wp-content/themes/co-owner/functions.php on line 440
[07-Feb-2022 18:04:01 UTC] PHP Warning:  session_start(): Cannot start session when headers already sent in /var/www/propertymates.io/wp-content/themes/co-owner/functions.php on line 440
[07-Feb-2022 18:04:34 UTC] PHP Warning:  session_start(): Cannot start session when headers already sent in /var/www/propertymates.io/wp-content/themes/co-owner/functions.php on line 440
[07-Feb-2022 18:05:01 UTC] PHP Warning:  session_start(): Cannot start session when headers already sent in /var/www/propertymates.io/wp-content/themes/co-owner/functions.php on line 440
[07-Feb-2022 18:05:34 UTC] PHP Warning:  session_start(): Cannot start session when headers already sent in /var/www/propertymates.io/wp-content/themes/co-owner/functions.php on line 440
[07-Feb-2022 18:06:01 UTC] PHP Warning:  session_start(): Cannot start session when headers already sent in /var/www/propertymates.io/wp-content/themes/co-owner/functions.php on line 440
[07-Feb-2022 18:06:34 UTC] PHP Warning:  session_start(): Cannot start session when headers already sent in /var/www/propertymates.io/wp-content/themes/co-owner/functions.php on line 440
[07-Feb-2022 18:07:01 UTC] PHP Warning:  session_start(): Cannot start session when headers already sent in /var/www/propertymates.io/wp-content/themes/co-owner/functions.php on line 440
[07-Feb-2022 18:07:34 UTC] PHP Warning:  session_start(): Cannot start session when headers already sent in /var/www/propertymates.io/wp-content/themes/co-owner/functions.php on line 440
[07-Feb-2022 18:08:01 UTC] PHP Warning:  session_start(): Cannot start session when headers already sent in /var/www/propertymates.io/wp-content/themes/co-owner/functions.php on line 440
[07-Feb-2022 18:08:35 UTC] PHP Warning:  session_start(): Cannot start session when headers already sent in /var/www/propertymates.io/wp-content/themes/co-owner/functions.php on line 440
[07-Feb-2022 18:09:01 UTC] PHP Warning:  session_start(): Cannot start session when headers already sent in /var/www/propertymates.io/wp-content/themes/co-owner/functions.php on line 440
[07-Feb-2022 18:09:35 UTC] PHP Warning:  session_start(): Cannot start session when headers already sent in /var/www/propertymates.io/wp-content/themes/co-owner/functions.php on line 440
[07-Feb-2022 18:10:01 UTC] PHP Warning:  session_start(): Cannot start session when headers already sent in /var/www/propertymates.io/wp-content/themes/co-owner/functions.php on line 440
[07-Feb-2022 18:10:10 UTC] PHP Warning:  session_start(): Cannot start session when headers already sent in /var/www/propertymates.io/wp-content/themes/co-owner/functions.php on line 440
[07-Feb-2022 18:10:34 UTC] PHP Warning:  session_start(): Cannot start session when headers already sent in /var/www/propertymates.io/wp-content/themes/co-owner/functions.php on line 440
[07-Feb-2022 18:11:01 UTC] PHP Warning:  session_start(): Cannot start session when headers already sent in /var/www/propertymates.io/wp-content/themes/co-owner/functions.php on line 440
[07-Feb-2022 18:11:44 UTC] PHP Warning:  session_start(): Cannot start session when headers already sent in /var/www/propertymates.io/wp-content/themes/co-owner/functions.php on line 440
[07-Feb-2022 18:12:01 UTC] PHP Warning:  session_start(): Cannot start session when headers already sent in /var/www/propertymates.io/wp-content/themes/co-owner/functions.php on line 440
[07-Feb-2022 18:12:37 UTC] PHP Warning:  session_start(): Cannot start session when headers already sent in /var/www/propertymates.io/wp-content/themes/co-owner/functions.php on line 440
[07-Feb-2022 18:12:56 UTC] PHP Warning:  session_start(): Cannot start session when headers already sent in /var/www/propertymates.io/wp-content/themes/co-owner/functions.php on line 440
[07-Feb-2022 18:13:01 UTC] PHP Warning:  session_start(): Cannot start session when headers already sent in /var/www/propertymates.io/wp-content/themes/co-owner/functions.php on line 440
[07-Feb-2022 18:13:37 UTC] PHP Warning:  session_start(): Cannot start session when headers already sent in /var/www/propertymates.io/wp-content/themes/co-owner/functions.php on line 440
[07-Feb-2022 18:14:01 UTC] PHP Warning:  session_start(): Cannot start session when headers already sent in /var/www/propertymates.io/wp-content/themes/co-owner/functions.php on line 440
[07-Feb-2022 18:14:35 UTC] PHP Warning:  session_start(): Cannot start session when headers already sent in /var/www/propertymates.io/wp-content/themes/co-owner/functions.php on line 440
[07-Feb-2022 18:15:01 UTC] PHP Warning:  session_start(): Cannot start session when headers already sent in /var/www/propertymates.io/wp-content/themes/co-owner/functions.php on line 440
[07-Feb-2022 18:15:35 UTC] PHP Warning:  session_start(): Cannot start session when headers already sent in /var/www/propertymates.io/wp-content/themes/co-owner/functions.php on line 440
[07-Feb-2022 18:16:01 UTC] PHP Warning:  session_start(): Cannot start session when headers already sent in /var/www/propertymates.io/wp-content/themes/co-owner/functions.php on line 440
[07-Feb-2022 18:16:35 UTC] PHP Warning:  session_start(): Cannot start session when headers already sent in /var/www/propertymates.io/wp-content/themes/co-owner/functions.php on line 440
[07-Feb-2022 18:16:56 UTC] PHP Notice:  Undefined index: mobile in /var/www/propertymates.io/wp-content/themes/co-owner/external/helpers/ajax.php on line 363
[07-Feb-2022 18:16:56 UTC] PHP Notice:  Undefined index: mobile in /var/www/propertymates.io/wp-content/themes/co-owner/external/helpers/ajax.php on line 410
[07-Feb-2022 18:17:01 UTC] PHP Warning:  session_start(): Cannot start session when headers already sent in /var/www/propertymates.io/wp-content/themes/co-owner/functions.php on line 440
[07-Feb-2022 18:17:19 UTC] PHP Notice:  Undefined index: _user_property_features in /var/www/propertymates.io/wp-content/themes/co-owner/external/helpers/ajax.php on line 1241
[07-Feb-2022 18:17:19 UTC] PHP Warning:  session_start(): Cannot start session when headers already sent in /var/www/propertymates.io/wp-content/themes/co-owner/functions.php on line 440
[07-Feb-2022 18:17:35 UTC] PHP Warning:  session_start(): Cannot start session when headers already sent in /var/www/propertymates.io/wp-content/themes/co-owner/functions.php on line 440
[07-Feb-2022 18:18:01 UTC] PHP Warning:  session_start(): Cannot start session when headers already sent in /var/www/propertymates.io/wp-content/themes/co-owner/functions.php on line 440
[07-Feb-2022 18:18:35 UTC] PHP Warning:  session_start(): Cannot start session when headers already sent in /var/www/propertymates.io/wp-content/themes/co-owner/functions.php on line 440
[07-Feb-2022 18:19:01 UTC] PHP Warning:  session_start(): Cannot start session when headers already sent in /var/www/propertymates.io/wp-content/themes/co-owner/functions.php on line 440
[07-Feb-2022 18:19:35 UTC] PHP Warning:  session_start(): Cannot start session when headers already sent in /var/www/propertymates.io/wp-content/themes/co-owner/functions.php on line 440
[07-Feb-2022 18:20:01 UTC] PHP Warning:  session_start(): Cannot start session when headers already sent in /var/www/propertymates.io/wp-content/themes/co-owner/functions.php on line 440
[07-Feb-2022 18:20:35 UTC] PHP Warning:  session_start(): Cannot start session when headers already sent in /var/www/propertymates.io/wp-content/themes/co-owner/functions.php on line 440
[07-Feb-2022 18:21:01 UTC] PHP Warning:  session_start(): Cannot start session when headers already sent in /var/www/propertymates.io/wp-content/themes/co-owner/functions.php on line 440
[07-Feb-2022 18:21:20 UTC] PHP Warning:  session_start(): Cannot start session when headers already sent in /var/www/propertymates.io/wp-content/themes/co-owner/functions.php on line 440
[07-Feb-2022 18:21:25 UTC] PHP Warning:  session_start(): Cannot start session when headers already sent in /var/www/propertymates.io/wp-content/themes/co-owner/functions.php on line 440
[07-Feb-2022 18:21:35 UTC] PHP Warning:  session_start(): Cannot start session when headers already sent in /var/www/propertymates.io/wp-content/themes/co-owner/functions.php on line 440
[07-Feb-2022 18:22:01 UTC] PHP Warning:  session_start(): Cannot start session when headers already sent in /var/www/propertymates.io/wp-content/themes/co-owner/functions.php on line 440
[07-Feb-2022 18:22:13 UTC] PHP Notice:  Undefined index: mobile in /var/www/propertymates.io/wp-content/themes/co-owner/external/helpers/ajax.php on line 363
[07-Feb-2022 18:22:13 UTC] PHP Notice:  Undefined index: mobile in /var/www/propertymates.io/wp-content/themes/co-owner/external/helpers/ajax.php on line 410
[07-Feb-2022 18:22:35 UTC] PHP Warning:  session_start(): Cannot start session when headers already sent in /var/www/propertymates.io/wp-content/themes/co-owner/functions.php on line 440
[07-Feb-2022 18:22:46 UTC] PHP Notice:  Undefined index: _user_property_features in /var/www/propertymates.io/wp-content/themes/co-owner/external/helpers/ajax.php on line 1241
[07-Feb-2022 18:22:47 UTC] PHP Warning:  session_start(): Cannot start session when headers already sent in /var/www/propertymates.io/wp-content/themes/co-owner/functions.php on line 440
[07-Feb-2022 18:22:55 UTC] PHP Warning:  session_start(): Cannot start session when headers already sent in /var/www/propertymates.io/wp-content/themes/co-owner/functions.php on line 440
[07-Feb-2022 18:23:01 UTC] PHP Warning:  session_start(): Cannot start session when headers already sent in /var/www/propertymates.io/wp-content/themes/co-owner/functions.php on line 440
[07-Feb-2022 18:23:36 UTC] PHP Warning:  session_start(): Cannot start session when headers already sent in /var/www/propertymates.io/wp-content/themes/co-owner/functions.php on line 440
[07-Feb-2022 18:24:01 UTC] PHP Warning:  session_start(): Cannot start session when headers already sent in /var/www/propertymates.io/wp-content/themes/co-owner/functions.php on line 440
[07-Feb-2022 18:24:36 UTC] PHP Warning:  session_start(): Cannot start session when headers already sent in /var/www/propertymates.io/wp-content/themes/co-owner/functions.php on line 440
[07-Feb-2022 18:25:01 UTC] PHP Warning:  session_start(): Cannot start session when headers already sent in /var/www/propertymates.io/wp-content/themes/co-owner/functions.php on line 440
[07-Feb-2022 18:25:36 UTC] PHP Warning:  session_start(): Cannot start session when headers already sent in /var/www/propertymates.io/wp-content/themes/co-owner/functions.php on line 440
[07-Feb-2022 18:26:01 UTC] PHP Warning:  session_start(): Cannot start session when headers already sent in /var/www/propertymates.io/wp-content/themes/co-owner/functions.php on line 440
[07-Feb-2022 18:26:12 UTC] PHP Notice:  Undefined index: mobile in /var/www/propertymates.io/wp-content/themes/co-owner/external/helpers/ajax.php on line 363
[07-Feb-2022 18:26:12 UTC] PHP Notice:  Undefined index: mobile in /var/www/propertymates.io/wp-content/themes/co-owner/external/helpers/ajax.php on line 410
[07-Feb-2022 18:26:34 UTC] PHP Warning:  session_start(): Cannot start session when headers already sent in /var/www/propertymates.io/wp-content/themes/co-owner/functions.php on line 440
[07-Feb-2022 18:26:39 UTC] PHP Notice:  Undefined index: _user_property_features in /var/www/propertymates.io/wp-content/themes/co-owner/external/helpers/ajax.php on line 1241
[07-Feb-2022 18:26:40 UTC] PHP Warning:  session_start(): Cannot start session when headers already sent in /var/www/propertymates.io/wp-content/themes/co-owner/functions.php on line 440
[07-Feb-2022 18:27:01 UTC] PHP Warning:  session_start(): Cannot start session when headers already sent in /var/www/propertymates.io/wp-content/themes/co-owner/functions.php on line 440
[07-Feb-2022 18:27:35 UTC] PHP Warning:  session_start(): Cannot start session when headers already sent in /var/www/propertymates.io/wp-content/themes/co-owner/functions.php on line 440
[07-Feb-2022 18:28:01 UTC] PHP Warning:  session_start(): Cannot start session when headers already sent in /var/www/propertymates.io/wp-content/themes/co-owner/functions.php on line 440
[07-Feb-2022 18:28:35 UTC] PHP Warning:  session_start(): Cannot start session when headers already sent in /var/www/propertymates.io/wp-content/themes/co-owner/functions.php on line 440
[07-Feb-2022 18:29:01 UTC] PHP Warning:  session_start(): Cannot start session when headers already sent in /var/www/propertymates.io/wp-content/themes/co-owner/functions.php on line 440
[07-Feb-2022 18:29:34 UTC] PHP Warning:  session_start(): Cannot start session when headers already sent in /var/www/propertymates.io/wp-content/themes/co-owner/functions.php on line 440
[07-Feb-2022 18:30:01 UTC] PHP Warning:  session_start(): Cannot start session when headers already sent in /var/www/propertymates.io/wp-content/themes/co-owner/functions.php on line 440
[07-Feb-2022 18:30:10 UTC] PHP Warning:  session_start(): Cannot start session when headers already sent in /var/www/propertymates.io/wp-content/themes/co-owner/functions.php on line 440
[07-Feb-2022 18:30:35 UTC] PHP Warning:  session_start(): Cannot start session when headers already sent in /var/www/propertymates.io/wp-content/themes/co-owner/functions.php on line 440
[07-Feb-2022 18:31:01 UTC] PHP Warning:  session_start(): Cannot start session when headers already sent in /var/www/propertymates.io/wp-content/themes/co-owner/functions.php on line 440
[07-Feb-2022 18:31:36 UTC] PHP Warning:  session_start(): Cannot start session when headers already sent in /var/www/propertymates.io/wp-content/themes/co-owner/functions.php on line 440
[07-Feb-2022 18:32:01 UTC] PHP Warning:  session_start(): Cannot start session when headers already sent in /var/www/propertymates.io/wp-content/themes/co-owner/functions.php on line 440
[07-Feb-2022 18:32:34 UTC] PHP Warning:  session_start(): Cannot start session when headers already sent in /var/www/propertymates.io/wp-content/themes/co-owner/functions.php on line 440
[07-Feb-2022 18:32:57 UTC] PHP Warning:  session_start(): Cannot start session when headers already sent in /var/www/propertymates.io/wp-content/themes/co-owner/functions.php on line 440
[07-Feb-2022 18:33:01 UTC] PHP Warning:  session_start(): Cannot start session when headers already sent in /var/www/propertymates.io/wp-content/themes/co-owner/functions.php on line 440
[07-Feb-2022 18:33:34 UTC] PHP Warning:  session_start(): Cannot start session when headers already sent in /var/www/propertymates.io/wp-content/themes/co-owner/functions.php on line 440
[07-Feb-2022 18:34:02 UTC] PHP Warning:  session_start(): Cannot start session when headers already sent in /var/www/propertymates.io/wp-content/themes/co-owner/functions.php on line 440
[07-Feb-2022 18:34:34 UTC] PHP Warning:  session_start(): Cannot start session when headers already sent in /var/www/propertymates.io/wp-content/themes/co-owner/functions.php on line 440
[07-Feb-2022 18:35:01 UTC] PHP Warning:  session_start(): Cannot start session when headers already sent in /var/www/propertymates.io/wp-content/themes/co-owner/functions.php on line 440
[07-Feb-2022 18:35:37 UTC] PHP Warning:  session_start(): Cannot start session when headers already sent in /var/www/propertymates.io/wp-content/themes/co-owner/functions.php on line 440
[07-Feb-2022 18:36:01 UTC] PHP Warning:  session_start(): Cannot start session when headers already sent in /var/www/propertymates.io/wp-content/themes/co-owner/functions.php on line 440
[07-Feb-2022 18:36:35 UTC] PHP Warning:  session_start(): Cannot start session when headers already sent in /var/www/propertymates.io/wp-content/themes/co-owner/functions.php on line 440
[07-Feb-2022 18:37:01 UTC] PHP Warning:  session_start(): Cannot start session when headers already sent in /var/www/propertymates.io/wp-content/themes/co-owner/functions.php on line 440
[07-Feb-2022 18:37:36 UTC] PHP Warning:  session_start(): Cannot start session when headers already sent in /var/www/propertymates.io/wp-content/themes/co-owner/functions.php on line 440
[07-Feb-2022 18:38:01 UTC] PHP Warning:  session_start(): Cannot start session when headers already sent in /var/www/propertymates.io/wp-content/themes/co-owner/functions.php on line 440
[07-Feb-2022 18:38:37 UTC] PHP Warning:  session_start(): Cannot start session when headers already sent in /var/www/propertymates.io/wp-content/themes/co-owner/functions.php on line 440
[07-Feb-2022 18:39:01 UTC] PHP Warning:  session_start(): Cannot start session when headers already sent in /var/www/propertymates.io/wp-content/themes/co-owner/functions.php on line 440
[07-Feb-2022 18:39:34 UTC] PHP Warning:  session_start(): Cannot start session when headers already sent in /var/www/propertymates.io/wp-content/themes/co-owner/functions.php on line 440
[07-Feb-2022 18:40:01 UTC] PHP Warning:  session_start(): Cannot start session when headers already sent in /var/www/propertymates.io/wp-content/themes/co-owner/functions.php on line 440
[07-Feb-2022 18:40:35 UTC] PHP Warning:  session_start(): Cannot start session when headers already sent in /var/www/propertymates.io/wp-content/themes/co-owner/functions.php on line 440
[07-Feb-2022 18:41:01 UTC] PHP Warning:  session_start(): Cannot start session when headers already sent in /var/www/propertymates.io/wp-content/themes/co-owner/functions.php on line 440
[07-Feb-2022 18:41:35 UTC] PHP Warning:  session_start(): Cannot start session when headers already sent in /var/www/propertymates.io/wp-content/themes/co-owner/functions.php on line 440
[07-Feb-2022 18:41:49 UTC] PHP Warning:  hash_equals(): Expected known_string to be a string, bool given in /var/www/propertymates.io/wp-includes/pluggable.php on line 2447
[07-Feb-2022 18:42:01 UTC] PHP Warning:  session_start(): Cannot start session when headers already sent in /var/www/propertymates.io/wp-content/themes/co-owner/functions.php on line 440
[07-Feb-2022 18:42:34 UTC] PHP Warning:  session_start(): Cannot start session when headers already sent in /var/www/propertymates.io/wp-content/themes/co-owner/functions.php on line 440
[07-Feb-2022 18:42:58 UTC] PHP Warning:  session_start(): Cannot start session when headers already sent in /var/www/propertymates.io/wp-content/themes/co-owner/functions.php on line 440
[07-Feb-2022 18:43:01 UTC] PHP Warning:  session_start(): Cannot start session when headers already sent in /var/www/propertymates.io/wp-content/themes/co-owner/functions.php on line 440
[07-Feb-2022 18:43:34 UTC] PHP Warning:  session_start(): Cannot start session when headers already sent in /var/www/propertymates.io/wp-content/themes/co-owner/functions.php on line 440
[07-Feb-2022 18:44:01 UTC] PHP Warning:  session_start(): Cannot start session when headers already sent in /var/www/propertymates.io/wp-content/themes/co-owner/functions.php on line 440
[07-Feb-2022 18:44:34 UTC] PHP Warning:  session_start(): Cannot start session when headers already sent in /var/www/propertymates.io/wp-content/themes/co-owner/functions.php on line 440
[07-Feb-2022 18:45:01 UTC] PHP Warning:  session_start(): Cannot start session when headers already sent in /var/www/propertymates.io/wp-content/themes/co-owner/functions.php on line 440
[07-Feb-2022 18:45:34 UTC] PHP Warning:  session_start(): Cannot start session when headers already sent in /var/www/propertymates.io/wp-content/themes/co-owner/functions.php on line 440
[07-Feb-2022 18:46:01 UTC] PHP Warning:  session_start(): Cannot start session when headers already sent in /var/www/propertymates.io/wp-content/themes/co-owner/functions.php on line 440
[07-Feb-2022 18:46:34 UTC] PHP Warning:  session_start(): Cannot start session when headers already sent in /var/www/propertymates.io/wp-content/themes/co-owner/functions.php on line 440
[07-Feb-2022 18:47:01 UTC] PHP Warning:  session_start(): Cannot start session when headers already sent in /var/www/propertymates.io/wp-content/themes/co-owner/functions.php on line 440
[07-Feb-2022 18:47:34 UTC] PHP Warning:  session_start(): Cannot start session when headers already sent in /var/www/propertymates.io/wp-content/themes/co-owner/functions.php on line 440
[07-Feb-2022 18:48:01 UTC] PHP Warning:  session_start(): Cannot start session when headers already sent in /var/www/propertymates.io/wp-content/themes/co-owner/functions.php on line 440
[07-Feb-2022 18:48:19 UTC] PHP Parse error:  syntax error, unexpected end of file, expecting ')' in /var/www/propertymates.io/wp-content/themes/co-owner/external/helpers/ajax.php on line 2803
[07-Feb-2022 18:48:34 UTC] PHP Warning:  session_start(): Cannot start session when headers already sent in /var/www/propertymates.io/wp-content/themes/co-owner/functions.php on line 440
[07-Feb-2022 18:49:01 UTC] PHP Warning:  session_start(): Cannot start session when headers already sent in /var/www/propertymates.io/wp-content/themes/co-owner/functions.php on line 440
[07-Feb-2022 18:49:34 UTC] PHP Warning:  session_start(): Cannot start session when headers already sent in /var/www/propertymates.io/wp-content/themes/co-owner/functions.php on line 440
[07-Feb-2022 18:50:01 UTC] PHP Warning:  session_start(): Cannot start session when headers already sent in /var/www/propertymates.io/wp-content/themes/co-owner/functions.php on line 440
[07-Feb-2022 18:50:35 UTC] PHP Warning:  session_start(): Cannot start session when headers already sent in /var/www/propertymates.io/wp-content/themes/co-owner/functions.php on line 440
[07-Feb-2022 18:51:01 UTC] PHP Warning:  session_start(): Cannot start session when headers already sent in /var/www/propertymates.io/wp-content/themes/co-owner/functions.php on line 440
[07-Feb-2022 18:51:34 UTC] PHP Warning:  session_start(): Cannot start session when headers already sent in /var/www/propertymates.io/wp-content/themes/co-owner/functions.php on line 440
[07-Feb-2022 18:52:01 UTC] PHP Warning:  session_start(): Cannot start session when headers already sent in /var/www/propertymates.io/wp-content/themes/co-owner/functions.php on line 440
[07-Feb-2022 18:52:34 UTC] PHP Warning:  session_start(): Cannot start session when headers already sent in /var/www/propertymates.io/wp-content/themes/co-owner/functions.php on line 440
[07-Feb-2022 18:52:59 UTC] PHP Warning:  session_start(): Cannot start session when headers already sent in /var/www/propertymates.io/wp-content/themes/co-owner/functions.php on line 440
[07-Feb-2022 18:53:01 UTC] PHP Warning:  session_start(): Cannot start session when headers already sent in /var/www/propertymates.io/wp-content/themes/co-owner/functions.php on line 440
[07-Feb-2022 18:53:34 UTC] PHP Warning:  session_start(): Cannot start session when headers already sent in /var/www/propertymates.io/wp-content/themes/co-owner/functions.php on line 440
[07-Feb-2022 18:53:43 UTC] PHP Fatal error:  Uncaught Error: Call to undefined function get_all_states() in /var/www/propertymates.io/wp-content/themes/co-owner/external/admin-include/theme-settings.php:136
Stack trace:
#0 /var/www/propertymates.io/wp-includes/class-wp-hook.php(307): crb_attach_theme_options()
#1 /var/www/propertymates.io/wp-includes/class-wp-hook.php(331): WP_Hook->apply_filters()
#2 /var/www/propertymates.io/wp-includes/plugin.php(474): WP_Hook->do_action()
#3 /var/www/propertymates.io/wp-content/themes/co-owner/vendor/htmlburger/carbon-fields/core/Loader/Loader.php(113): do_action()
#4 /var/www/propertymates.io/wp-includes/class-wp-hook.php(307): Carbon_Fields\Loader\Loader->trigger_fields_register()
#5 /var/www/propertymates.io/wp-includes/class-wp-hook.php(331): WP_Hook->apply_filters()
#6 /var/www/propertymates.io/wp-includes/plugin.php(474): WP_Hook->do_action()
#7 /var/www/propertymates.io/wp-settings.php(587): do_action()
#8 /var/www/propertymates.io/wp-config.php(173): require_once('/var/www/proper...')
#9 /var/www/propertymat in /var/www/propertymates.io/wp-content/themes/co-owner/external/admin-include/theme-settings.php on line 136
[07-Feb-2022 18:54:01 UTC] PHP Warning:  session_start(): Cannot start session when headers already sent in /var/www/propertymates.io/wp-content/themes/co-owner/functions.php on line 440
[07-Feb-2022 18:54:34 UTC] PHP Warning:  session_start(): Cannot start session when headers already sent in /var/www/propertymates.io/wp-content/themes/co-owner/functions.php on line 440
[07-Feb-2022 18:55:01 UTC] PHP Warning:  session_start(): Cannot start session when headers already sent in /var/www/propertymates.io/wp-content/themes/co-owner/functions.php on line 440
[07-Feb-2022 18:55:29 UTC] PHP Fatal error:  Uncaught Error: Call to undefined function get_all_states() in /var/www/propertymates.io/wp-content/themes/co-owner/external/admin-include/theme-settings.php:136
Stack trace:
#0 /var/www/propertymates.io/wp-includes/class-wp-hook.php(307): crb_attach_theme_options()
#1 /var/www/propertymates.io/wp-includes/class-wp-hook.php(331): WP_Hook->apply_filters()
#2 /var/www/propertymates.io/wp-includes/plugin.php(474): WP_Hook->do_action()
#3 /var/www/propertymates.io/wp-content/themes/co-owner/vendor/htmlburger/carbon-fields/core/Loader/Loader.php(113): do_action()
#4 /var/www/propertymates.io/wp-includes/class-wp-hook.php(307): Carbon_Fields\Loader\Loader->trigger_fields_register()
#5 /var/www/propertymates.io/wp-includes/class-wp-hook.php(331): WP_Hook->apply_filters()
#6 /var/www/propertymates.io/wp-includes/plugin.php(474): WP_Hook->do_action()
#7 /var/www/propertymates.io/wp-settings.php(587): do_action()
#8 /var/www/propertymates.io/wp-config.php(173): require_once('/var/www/proper...')
#9 /var/www/propertymat in /var/www/propertymates.io/wp-content/themes/co-owner/external/admin-include/theme-settings.php on line 136
[07-Feb-2022 18:55:34 UTC] PHP Warning:  session_start(): Cannot start session when headers already sent in /var/www/propertymates.io/wp-content/themes/co-owner/functions.php on line 440
[07-Feb-2022 18:56:01 UTC] PHP Warning:  session_start(): Cannot start session when headers already sent in /var/www/propertymates.io/wp-content/themes/co-owner/functions.php on line 440
[07-Feb-2022 18:56:34 UTC] PHP Warning:  session_start(): Cannot start session when headers already sent in /var/www/propertymates.io/wp-content/themes/co-owner/functions.php on line 440
[07-Feb-2022 18:57:01 UTC] PHP Warning:  session_start(): Cannot start session when headers already sent in /var/www/propertymates.io/wp-content/themes/co-owner/functions.php on line 440
[07-Feb-2022 18:57:34 UTC] PHP Warning:  session_start(): Cannot start session when headers already sent in /var/www/propertymates.io/wp-content/themes/co-owner/functions.php on line 440
[07-Feb-2022 18:58:01 UTC] PHP Warning:  session_start(): Cannot start session when headers already sent in /var/www/propertymates.io/wp-content/themes/co-owner/functions.php on line 440
[07-Feb-2022 18:58:34 UTC] PHP Warning:  session_start(): Cannot start session when headers already sent in /var/www/propertymates.io/wp-content/themes/co-owner/functions.php on line 440
[07-Feb-2022 18:59:01 UTC] PHP Warning:  session_start(): Cannot start session when headers already sent in /var/www/propertymates.io/wp-content/themes/co-owner/functions.php on line 440
[07-Feb-2022 18:59:34 UTC] PHP Warning:  session_start(): Cannot start session when headers already sent in /var/www/propertymates.io/wp-content/themes/co-owner/functions.php on line 440
[07-Feb-2022 19:00:01 UTC] PHP Warning:  session_start(): Cannot start session when headers already sent in /var/www/propertymates.io/wp-content/themes/co-owner/functions.php on line 440
[07-Feb-2022 19:00:35 UTC] PHP Warning:  session_start(): Cannot start session when headers already sent in /var/www/propertymates.io/wp-content/themes/co-owner/functions.php on line 440
[07-Feb-2022 19:01:01 UTC] PHP Warning:  session_start(): Cannot start session when headers already sent in /var/www/propertymates.io/wp-content/themes/co-owner/functions.php on line 440
[07-Feb-2022 19:01:35 UTC] PHP Warning:  session_start(): Cannot start session when headers already sent in /var/www/propertymates.io/wp-content/themes/co-owner/functions.php on line 440
[07-Feb-2022 19:02:01 UTC] PHP Warning:  session_start(): Cannot start session when headers already sent in /var/www/propertymates.io/wp-content/themes/co-owner/functions.php on line 440
[07-Feb-2022 19:02:34 UTC] PHP Warning:  session_start(): Cannot start session when headers already sent in /var/www/propertymates.io/wp-content/themes/co-owner/functions.php on line 440
[07-Feb-2022 19:02:35 UTC] PHP Warning:  session_start(): Cannot start session when headers already sent in /var/www/propertymates.io/wp-content/themes/co-owner/functions.php on line 440
[07-Feb-2022 19:03:01 UTC] PHP Warning:  session_start(): Cannot start session when headers already sent in /var/www/propertymates.io/wp-content/themes/co-owner/functions.php on line 440
[07-Feb-2022 19:03:35 UTC] PHP Warning:  session_start(): Cannot start session when headers already sent in /var/www/propertymates.io/wp-content/themes/co-owner/functions.php on line 440
[07-Feb-2022 19:04:01 UTC] PHP Warning:  session_start(): Cannot start session when headers already sent in /var/www/propertymates.io/wp-content/themes/co-owner/functions.php on line 440
[07-Feb-2022 19:04:35 UTC] PHP Warning:  session_start(): Cannot start session when headers already sent in /var/www/propertymates.io/wp-content/themes/co-owner/functions.php on line 440
[07-Feb-2022 19:05:01 UTC] PHP Warning:  session_start(): Cannot start session when headers already sent in /var/www/propertymates.io/wp-content/themes/co-owner/functions.php on line 440
[07-Feb-2022 19:05:36 UTC] PHP Warning:  session_start(): Cannot start session when headers already sent in /var/www/propertymates.io/wp-content/themes/co-owner/functions.php on line 440
[07-Feb-2022 19:06:01 UTC] PHP Warning:  session_start(): Cannot start session when headers already sent in /var/www/propertymates.io/wp-content/themes/co-owner/functions.php on line 440
[07-Feb-2022 19:06:36 UTC] PHP Warning:  session_start(): Cannot start session when headers already sent in /var/www/propertymates.io/wp-content/themes/co-owner/functions.php on line 440
[07-Feb-2022 19:07:01 UTC] PHP Warning:  session_start(): Cannot start session when headers already sent in /var/www/propertymates.io/wp-content/themes/co-owner/functions.php on line 440
[07-Feb-2022 19:07:36 UTC] PHP Warning:  session_start(): Cannot start session when headers already sent in /var/www/propertymates.io/wp-content/themes/co-owner/functions.php on line 440
[07-Feb-2022 19:08:01 UTC] PHP Warning:  session_start(): Cannot start session when headers already sent in /var/www/propertymates.io/wp-content/themes/co-owner/functions.php on line 440
[07-Feb-2022 19:08:36 UTC] PHP Warning:  session_start(): Cannot start session when headers already sent in /var/www/propertymates.io/wp-content/themes/co-owner/functions.php on line 440
[07-Feb-2022 19:09:01 UTC] PHP Warning:  session_start(): Cannot start session when headers already sent in /var/www/propertymates.io/wp-content/themes/co-owner/functions.php on line 440
[07-Feb-2022 19:09:36 UTC] PHP Warning:  session_start(): Cannot start session when headers already sent in /var/www/propertymates.io/wp-content/themes/co-owner/functions.php on line 440
[07-Feb-2022 19:10:01 UTC] PHP Warning:  session_start(): Cannot start session when headers already sent in /var/www/propertymates.io/wp-content/themes/co-owner/functions.php on line 440
[07-Feb-2022 19:10:06 UTC] PHP Warning:  session_start(): Cannot start session when headers already sent in /var/www/propertymates.io/wp-content/themes/co-owner/functions.php on line 440
[07-Feb-2022 19:10:37 UTC] PHP Warning:  session_start(): Cannot start session when headers already sent in /var/www/propertymates.io/wp-content/themes/co-owner/functions.php on line 440
[07-Feb-2022 19:11:01 UTC] PHP Warning:  session_start(): Cannot start session when headers already sent in /var/www/propertymates.io/wp-content/themes/co-owner/functions.php on line 440
[07-Feb-2022 19:11:12 UTC] PHP Fatal error:  Uncaught Error: Call to undefined function get_all_states() in /var/www/propertymates.io/wp-content/themes/co-owner/external/admin-include/theme-settings.php:136
Stack trace:
#0 /var/www/propertymates.io/wp-includes/class-wp-hook.php(307): crb_attach_theme_options()
#1 /var/www/propertymates.io/wp-includes/class-wp-hook.php(331): WP_Hook->apply_filters()
#2 /var/www/propertymates.io/wp-includes/plugin.php(474): WP_Hook->do_action()
#3 /var/www/propertymates.io/wp-content/themes/co-owner/vendor/htmlburger/carbon-fields/core/Loader/Loader.php(113): do_action()
#4 /var/www/propertymates.io/wp-includes/class-wp-hook.php(307): Carbon_Fields\Loader\Loader->trigger_fields_register()
#5 /var/www/propertymates.io/wp-includes/class-wp-hook.php(331): WP_Hook->apply_filters()
#6 /var/www/propertymates.io/wp-includes/plugin.php(474): WP_Hook->do_action()
#7 /var/www/propertymates.io/wp-settings.php(587): do_action()
#8 /var/www/propertymates.io/wp-config.php(173): require_once('/var/www/proper...')
#9 /var/www/propertymat in /var/www/propertymates.io/wp-content/themes/co-owner/external/admin-include/theme-settings.php on line 136
